0 info it worked if it ends with ok
1 verbose cli [ 'C:\\Program Files\\nodejs\\node.exe',
1 verbose cli   'C:\\Program Files\\nodejs\\node_modules\\npm\\bin\\npm-cli.js',
1 verbose cli   'run',
1 verbose cli   'lint' ]
2 info using npm@3.10.9
3 info using node@v6.9.2
4 verbose run-script [ 'prelint', 'lint', 'postlint' ]
5 info lifecycle lebra-components@0.0.1~prelint: lebra-components@0.0.1
6 silly lifecycle lebra-components@0.0.1~prelint: no script for prelint, continuing
7 info lifecycle lebra-components@0.0.1~lint: lebra-components@0.0.1
8 verbose lifecycle lebra-components@0.0.1~lint: unsafe-perm in lifecycle true
9 verbose lifecycle lebra-components@0.0.1~lint: PATH: C:\Users\38660\AppData\Roaming\nvm\v6.9.2\node_modules\npm\bin\node-gyp-bin;C:\work\code\lebra-components\node_modules\.bin;C:\Users\38660\bin;C:\work\software\Git\mingw64\bin;C:\work\software\Git\usr\local\bin;C:\work\software\Git\usr\bin;C:\work\software\Git\usr\bin;C:\work\software\Git\mingw64\bin;C:\work\software\Git\usr\bin;C:\Users\38660\bin;C:\ProgramData\Oracle\Java\javapath;C:\Program Files\Docker\Docker\Resources\bin;C:\WINDOWS\system32;C:\WINDOWS;C:\WINDOWS\System32\Wbem;C:\WINDOWS\System32\WindowsPowerShell\v1.0;C:\Users\38660\AppData\Roaming\nvm;C:\Program Files\nodejs;C:\work\software\Git\cmd;C:\Go\bin;C:\Users\38660\AppData\Local\Microsoft\WindowsApps;C:\Users\38660\AppData\Roaming\nvm;C:\Program Files\nodejs;C:\Go\bin;C:\Users\38660\go\bin;C:\work\software\Git\usr\bin\vendor_perl;C:\work\software\Git\usr\bin\core_perl
10 verbose lifecycle lebra-components@0.0.1~lint: CWD: C:\work\code\lebra-components
11 silly lifecycle lebra-components@0.0.1~lint: Args: [ '/d /s /c', 'eslint ./src' ]
12 silly lifecycle lebra-components@0.0.1~lint: Returned: code: 1  signal: null
13 info lifecycle lebra-components@0.0.1~lint: Failed to exec lint script
14 verbose stack Error: lebra-components@0.0.1 lint: `eslint ./src`
14 verbose stack Exit status 1
14 verbose stack     at EventEmitter.<anonymous> (C:\Users\38660\AppData\Roaming\nvm\v6.9.2\node_modules\npm\lib\utils\lifecycle.js:255:16)
14 verbose stack     at emitTwo (events.js:106:13)
14 verbose stack     at EventEmitter.emit (events.js:191:7)
14 verbose stack     at ChildProcess.<anonymous> (C:\Users\38660\AppData\Roaming\nvm\v6.9.2\node_modules\npm\lib\utils\spawn.js:40:14)
14 verbose stack     at emitTwo (events.js:106:13)
14 verbose stack     at ChildProcess.emit (events.js:191:7)
14 verbose stack     at maybeClose (internal/child_process.js:877:16)
14 verbose stack     at Process.ChildProcess._handle.onexit (internal/child_process.js:226:5)
15 verbose pkgid lebra-components@0.0.1
16 verbose cwd C:\work\code\lebra-components
17 error Windows_NT 10.0.15063
18 error argv "C:\\Program Files\\nodejs\\node.exe" "C:\\Program Files\\nodejs\\node_modules\\npm\\bin\\npm-cli.js" "run" "lint"
19 error node v6.9.2
20 error npm  v3.10.9
21 error code ELIFECYCLE
22 error lebra-components@0.0.1 lint: `eslint ./src`
22 error Exit status 1
23 error Failed at the lebra-components@0.0.1 lint script 'eslint ./src'.
23 error Make sure you have the latest version of node.js and npm installed.
23 error If you do, this is most likely a problem with the lebra-components package,
23 error not with npm itself.
23 error Tell the author that this fails on your system:
23 error     eslint ./src
23 error You can get information on how to open an issue for this project with:
23 error     npm bugs lebra-components
23 error Or if that isn't available, you can get their info via:
23 error     npm owner ls lebra-components
23 error There is likely additional logging output above.
24 verbose exit [ 1, true ]
